Arguments: 
  /usr/local/bin/node /usr/local/Cellar/yarn/1.22.19/libexec/bin/yarn.js add bootstrap@4.3.1 jquery propper.js

PATH: 
  /Users/ZihanZhang/.rvm/gems/ruby-2.7.0/bin:/Users/ZihanZhang/.rvm/gems/ruby-2.7.0@global/bin:/Users/ZihanZhang/.rvm/rubies/ruby-2.7.0/bin:/Users/ZihanZhang/.rvm/bin:/usr/local/opt/ruby/bin:/anaconda3/bin:/usr/local/bin:/usr/local/bin:/usr/bin:/bin:/usr/sbin:/sbin:/Library/Java/JavaVirtualMachines/jdk-9.0.1.jdk/Contents/Home/db/bin:/Library/Java/JavaVirtualMachines/jdk1.8.0_151.jdk/Contents/Home/bin:/Users/ZihanZhang/Documents/Scala/scala-2.11.8/bin:/Users/ZihanZhang/Documents/CloudServices/boxfuse:/Users/ZihanZhang/Documents/CloudServices/activator-dist-1.3.12/bin:/Users/ZihanZhang/Library/Python/2.7/bin

Yarn version: 
  1.22.19

Node version: 
  16.17.0

Platform: 
  darwin x64

Trace: 
  Error: https://registry.yarnpkg.com/propper.js: Not found
      at Request.params.callback [as _callback] (/usr/local/Cellar/yarn/1.22.19/libexec/lib/cli.js:66145:18)
      at Request.self.callback (/usr/local/Cellar/yarn/1.22.19/libexec/lib/cli.js:140890:22)
      at Request.emit (node:events:513:28)
      at Request.<anonymous> (/usr/local/Cellar/yarn/1.22.19/libexec/lib/cli.js:141862:10)
      at Request.emit (node:events:513:28)
      at IncomingMessage.<anonymous> (/usr/local/Cellar/yarn/1.22.19/libexec/lib/cli.js:141784:12)
      at Object.onceWrapper (node:events:627:28)
      at IncomingMessage.emit (node:events:525:35)
      at endReadableNT (node:internal/streams/readable:1358:12)
      at processTicksAndRejections (node:internal/process/task_queues:83:21)

npm manifest: 
  No manifest

yarn manifest: 
  No manifest

Lockfile: 
  No lockfile
